окт. 20, 2024 12:34:20 PM geometry2d.Circle <init>
SEVERE: Circle object created
<?xml version="1.0" encoding="windows-1251" standalone="no"?>
<!DOCTYPE log SYSTEM "logger.dtd">
<log>
<record>
  <date>2024-12-10T09:31:43.987411200Z</date>
  <millis>1733823103987</millis>
  <nanos>411200</nanos>
  <sequence>1</sequence>
  <logger>geometry2d.Circle</logger>
  <level>SEVERE</level>
  <class>geometry2d.Circle</class>
  <method>&lt;init&gt;</method>
  <thread>1</thread>
  <message>Circle object created</message>
</record>
</log>
<?xml version="1.0" encoding="windows-1251" standalone="no"?>
<!DOCTYPE log SYSTEM "logger.dtd">
<log>
<record>
  <date>2024-12-10T09:34:34.003605Z</date>
  <millis>1733823274003</millis>
  <nanos>605000</nanos>
  <sequence>1</sequence>
  <logger>geometry2d.Circle</logger>
  <level>SEVERE</level>
  <class>geometry2d.Circle</class>
  <method>&lt;init&gt;</method>
  <thread>1</thread>
  <message>Circle object created</message>
</record>
</log>
<?xml version="1.0" encoding="windows-1251" standalone="no"?>
<!DOCTYPE log SYSTEM "logger.dtd">
<log>
<record>
  <date>2024-12-10T09:35:24.203425Z</date>
  <millis>1733823324203</millis>
  <nanos>425000</nanos>
  <sequence>1</sequence>
  <logger>geometry2d.Circle</logger>
  <level>SEVERE</level>
  <class>geometry2d.Circle</class>
  <method>&lt;init&gt;</method>
  <thread>1</thread>
  <message>Circle object created</message>
</record>
</log>
